<?xml version="1.0" encoding="UTF-8"?>
<!-- Generated by org.testng.reporters.JUnitReportReporter -->
<testsuite hostname="Admin-PC" failures="0" tests="1" name="Automation.Homepage" time="4.850" errors="0" timestamp="2020-03-23T16:30:59 IST" skipped="0">
  <testcase classname="Automation.Homepage" name="basepagenavigation" time="4.850"/>
  <system-out/>
</testsuite> <!-- Automation.Homepage -->
